<?xml version="1.0" encoding="UTF-8"?>
<TestRun id="0ff3000c-e76d-4536-bc8c-a9178ca55358" name="Timmers@TIMMERS-LAPTOP 2013-06-21 21:57:05" runUser="TIMMERS-LAPTOP\Timmers" xmlns="http://microsoft.com/schemas/VisualStudio/TeamTest/2010">
  <TestSettings name="Local" id="caa7cfa2-2fe4-4cd6-bab2-e306a3b12c36">
    <Description>These are default test settings for a local test run.</Description>
    <Deployment enabled="false" runDeploymentRoot="Timmers_TIMMERS-LAPTOP 2013-06-21 21_57_05">
      <DeploymentItem filename="C:\Users\Timmers\Dropbox\Professional Portfolio\Software\Prioqueues\PrioQueues\bin\Debug\PrioQueues.exe" />
      <DeploymentItem filename="C:\Users\Timmers\Dropbox\Professional Portfolio\Software\Prioqueues\packages\MathNet.Numerics.2.3.0\lib\net40\MathNet.Numerics.IO.dll" />
      <DeploymentItem filename="C:\Users\Timmers\Dropbox\Professional Portfolio\Software\Prioqueues\PrioQueues\Random\Troschuetz.Random.dll" />
      <DeploymentItem filename="C:\Users\Timmers\Dropbox\Professional Portfolio\Software\Prioqueues\packages\zlib.net.1.0.4.0\lib\zlib.net.dll" />
      <DeploymentItem filename="C:\Users\Timmers\Dropbox\Professional Portfolio\Software\Prioqueues\packages\MathNet.Numerics.2.3.0\lib\net40\MathNet.Numerics.dll" />
    </Deployment>
    <Execution>
      <TestTypeSpecific />
      <AgentRule name="Execution Agents">
      </AgentRule>
    </Execution>
  </TestSettings>
  <Times creation="2013-06-21T21:57:05.7506516-07:00" queuing="2013-06-21T21:57:05.7876537-07:00" start="2013-06-21T21:57:05.8116550-07:00" finish="2013-06-21T21:57:06.2636809-07:00" />
  <ResultSummary outcome="Completed">
    <Counters total="1" executed="1" passed="1" error="0" failed="0" timeout="0" aborted="0" inconclusive="0" passedButRunAborted="0" notRunnable="0" notExecuted="0" disconnected="0" warning="0" completed="0" inProgress="0" pending="0" />
  </ResultSummary>
  <TestDefinitions>
    <UnitTest name="resetDataTest" storage="c:\users\timmers\dropbox\professional portfolio\software\prioqueues\testprioqueues\bin\debug\testprioqueues.dll" id="28722a11-0e7b-f881-7a1f-e53dd096f925">
      <Execution id="a7f3df85-a294-4edb-af89-8a4f49ff8109" />
      <TestMethod codeBase="C:/Users/Timmers/Dropbox/Professional Portfolio/Software/Prioqueues/TestPrioQueues/bin/Debug/TestPrioQueues.DLL" adapterTypeName="Microsoft.VisualStudio.TestTools.TestTypes.Unit.UnitTestAdapter, Microsoft.VisualStudio.QualityTools.Tips.UnitTest.Adapter, Version=10.0.0.0, Culture=neutral, PublicKeyToken=b03f5f7f11d50a3a" className="TestPrioQueues.QueueSystemTest, TestPrioQueues, Version=1.0.0.0, Culture=neutral, PublicKeyToken=null" name="resetDataTest" />
    </UnitTest>
  </TestDefinitions>
  <TestLists>
    <TestList name="Results Not in a List" id="8c84fa94-04c1-424b-9868-57a2d4851a1d" />
    <TestList name="All Loaded Results" id="19431567-8539-422a-85d7-44ee4e166bda" />
  </TestLists>
  <TestEntries>
    <TestEntry testId="28722a11-0e7b-f881-7a1f-e53dd096f925" executionId="a7f3df85-a294-4edb-af89-8a4f49ff8109" testListId="8c84fa94-04c1-424b-9868-57a2d4851a1d" />
  </TestEntries>
  <Results>
    <UnitTestResult executionId="a7f3df85-a294-4edb-af89-8a4f49ff8109" testId="28722a11-0e7b-f881-7a1f-e53dd096f925" testName="resetDataTest" computerName="TIMMERS-LAPTOP" duration="00:00:00.0353561" startTime="2013-06-21T21:57:05.8686583-07:00" endTime="2013-06-21T21:57:06.2096778-07:00" testType="13cdc9d9-ddb5-4fa4-a97d-d965ccfc6d4b" outcome="Passed" testListId="8c84fa94-04c1-424b-9868-57a2d4851a1d" relativeResultsDirectory="a7f3df85-a294-4edb-af89-8a4f49ff8109">
    </UnitTestResult>
  </Results>
</TestRun>