<?xml version="1.0" encoding="UTF-8"?>
<TestRun id="22169a0e-b30f-4a75-a3e5-2d491973b7e1" name="Timmers@TIMMERS-LAPTOP 2013-06-21 22:09:31" runUser="TIMMERS-LAPTOP\Timmers" xmlns="http://microsoft.com/schemas/VisualStudio/TeamTest/2010">
  <TestSettings name="Local" id="caa7cfa2-2fe4-4cd6-bab2-e306a3b12c36">
    <Description>These are default test settings for a local test run.</Description>
    <Deployment enabled="false" runDeploymentRoot="Timmers_TIMMERS-LAPTOP 2013-06-21 22_09_31">
      <DeploymentItem filename="C:\Users\Timmers\Dropbox\Professional Portfolio\Software\Prioqueues\PrioQueues\bin\Debug\PrioQueues.exe" />
      <DeploymentItem filename="C:\Users\Timmers\Dropbox\Professional Portfolio\Software\Prioqueues\packages\MathNet.Numerics.2.3.0\lib\net40\MathNet.Numerics.IO.dll" />
      <DeploymentItem filename="C:\Users\Timmers\Dropbox\Professional Portfolio\Software\Prioqueues\PrioQueues\Random\Troschuetz.Random.dll" />
      <DeploymentItem filename="C:\Users\Timmers\Dropbox\Professional Portfolio\Software\Prioqueues\packages\zlib.net.1.0.4.0\lib\zlib.net.dll" />
      <DeploymentItem filename="C:\Users\Timmers\Dropbox\Professional Portfolio\Software\Prioqueues\packages\MathNet.Numerics.2.3.0\lib\net40\MathNet.Numerics.dll" />
    </Deployment>
    <Execution>
      <TestTypeSpecific />
      <AgentRule name="Execution Agents">
      </AgentRule>
    </Execution>
  </TestSettings>
  <Times creation="2013-06-21T22:09:31.3172955-07:00" queuing="2013-06-21T22:09:31.3332964-07:00" start="2013-06-21T22:09:31.3652983-07:00" finish="2013-06-21T22:09:32.1863452-07:00" />
  <ResultSummary outcome="Completed">
    <Counters total="1" executed="1" passed="1" error="0" failed="0" timeout="0" aborted="0" inconclusive="0" passedButRunAborted="0" notRunnable="0" notExecuted="0" disconnected="0" warning="0" completed="0" inProgress="0" pending="0" />
  </ResultSummary>
  <TestDefinitions>
    <UnitTest name="singleRunPrioTest" storage="c:\users\timmers\dropbox\professional portfolio\software\prioqueues\testprioqueues\bin\debug\testprioqueues.dll" id="a6abc871-0a3a-ce1a-65e0-a7f0d863c4ff">
      <Execution id="ac4d0fe9-ff0f-42b4-be41-c5bb7d58f061" />
      <TestMethod codeBase="C:/Users/Timmers/Dropbox/Professional Portfolio/Software/Prioqueues/TestPrioQueues/bin/Debug/TestPrioQueues.DLL" adapterTypeName="Microsoft.VisualStudio.TestTools.TestTypes.Unit.UnitTestAdapter, Microsoft.VisualStudio.QualityTools.Tips.UnitTest.Adapter, Version=10.0.0.0, Culture=neutral, PublicKeyToken=b03f5f7f11d50a3a" className="TestPrioQueues.QueueSystemTest, TestPrioQueues, Version=1.0.0.0, Culture=neutral, PublicKeyToken=null" name="singleRunPrioTest" />
    </UnitTest>
  </TestDefinitions>
  <TestLists>
    <TestList name="Results Not in a List" id="8c84fa94-04c1-424b-9868-57a2d4851a1d" />
    <TestList name="All Loaded Results" id="19431567-8539-422a-85d7-44ee4e166bda" />
  </TestLists>
  <TestEntries>
    <TestEntry testId="a6abc871-0a3a-ce1a-65e0-a7f0d863c4ff" executionId="ac4d0fe9-ff0f-42b4-be41-c5bb7d58f061" testListId="8c84fa94-04c1-424b-9868-57a2d4851a1d" />
  </TestEntries>
  <Results>
    <UnitTestResult executionId="ac4d0fe9-ff0f-42b4-be41-c5bb7d58f061" testId="a6abc871-0a3a-ce1a-65e0-a7f0d863c4ff" testName="singleRunPrioTest" computerName="TIMMERS-LAPTOP" duration="00:00:00.0431763" startTime="2013-06-21T22:09:31.4453028-07:00" endTime="2013-06-21T22:09:32.0493374-07:00" testType="13cdc9d9-ddb5-4fa4-a97d-d965ccfc6d4b" outcome="Passed" testListId="8c84fa94-04c1-424b-9868-57a2d4851a1d" relativeResultsDirectory="ac4d0fe9-ff0f-42b4-be41-c5bb7d58f061">
    </UnitTestResult>
  </Results>
</TestRun>